  [1m[36m (19.0ms)[0m  [1mCREATE TABLE "schema_migrations" ("version" varchar NOT NULL) [0m
  [1m[35m (0.1ms)[0m  select sqlite_version(*)
  [1m[36m (16.4ms)[0m  [1mCREATE UNIQUE INDEX "unique_schema_migrations" ON "schema_migrations" ("version")[0m
  [1m[35mActiveRecord::SchemaMigration Load (0.1ms)[0m  SELECT "schema_migrations".* FROM "schema_migrations"
Migrating to CreateMovies (20111119180638)
  [1m[36m (0.1ms)[0m  [1mbegin transaction[0m
DEPRECATION WARNING: `#timestamps` was called without specifying an option for `null`. In Rails 5, this behavior will change to `null: false`. You should manually specify `null: true` to prevent the behavior of your existing migrations from changing. (called from emit_warning_if_null_unspecified at /home/shibin/gems/gems/activerecord-4.2.10/lib/active_record/connection_adapters/abstract/schema_definitions.rb:63)
  [1m[35m (0.4ms)[0m  CREATE TABLE "movies" ("id" INTEGER PRIMARY KEY AUTOINCREMENT NOT NULL, "title" varchar, "rating" varchar, "description" text, "release_date" datetime, "created_at" datetime, "updated_at" datetime) 
  [1m[36mSQL (0.1ms)[0m  [1mINSERT INTO "schema_migrations" ("version") VALUES (?)[0m  [["version", "20111119180638"]]
  [1m[35m (14.7ms)[0m  commit transaction
  [1m[36mActiveRecord::SchemaMigration Load (0.1ms)[0m  [1mSELECT "schema_migrations".* FROM "schema_migrations"[0m
  [1m[36m (19.0ms)[0m  [1mCREATE TABLE "movies" ("id" INTEGER PRIMARY KEY AUTOINCREMENT NOT NULL, "title" varchar, "rating" varchar, "description" text, "release_date" datetime, "created_at" datetime, "updated_at" datetime) [0m
  [1m[35m (14.5ms)[0m  CREATE TABLE "schema_migrations" ("version" varchar NOT NULL) 
  [1m[36m (0.1ms)[0m  [1mselect sqlite_version(*)[0m
  [1m[35m (16.7ms)[0m  CREATE UNIQUE INDEX "unique_schema_migrations" ON "schema_migrations" ("version")
  [1m[36m (0.1ms)[0m  [1mSELECT version FROM "schema_migrations"[0m
  [1m[35m (16.0ms)[0m  INSERT INTO "schema_migrations" (version) VALUES ('20111119180638')
  [1m[36m (18.4ms)[0m  [1mCREATE TABLE "movies" ("id" INTEGER PRIMARY KEY AUTOINCREMENT NOT NULL, "title" varchar, "rating" varchar, "description" text, "release_date" datetime, "created_at" datetime, "updated_at" datetime) [0m
  [1m[35m (18.1ms)[0m  CREATE TABLE "schema_migrations" ("version" varchar NOT NULL) 
  [1m[36m (0.1ms)[0m  [1mselect sqlite_version(*)[0m
  [1m[35m (15.2ms)[0m  CREATE UNIQUE INDEX "unique_schema_migrations" ON "schema_migrations" ("version")
  [1m[36m (0.1ms)[0m  [1mSELECT version FROM "schema_migrations"[0m
  [1m[35m (16.5ms)[0m  INSERT INTO "schema_migrations" (version) VALUES ('20111119180638')
  [1m[36m (14.6ms)[0m  [1mCREATE TABLE "movies" ("id" INTEGER PRIMARY KEY AUTOINCREMENT NOT NULL, "title" varchar, "rating" varchar, "description" text, "release_date" datetime, "created_at" datetime, "updated_at" datetime) [0m
  [1m[35m (19.1ms)[0m  CREATE TABLE "schema_migrations" ("version" varchar NOT NULL) 
  [1m[36m (0.2ms)[0m  [1mselect sqlite_version(*)[0m
  [1m[35m (13.6ms)[0m  CREATE UNIQUE INDEX "unique_schema_migrations" ON "schema_migrations" ("version")
  [1m[36m (0.3ms)[0m  [1mSELECT version FROM "schema_migrations"[0m
  [1m[35m (15.6ms)[0m  INSERT INTO "schema_migrations" (version) VALUES ('20111119180638')
  [1m[36m (14.2ms)[0m  [1mCREATE TABLE "movies" ("id" INTEGER PRIMARY KEY AUTOINCREMENT NOT NULL, "title" varchar, "rating" varchar, "description" text, "release_date" datetime, "created_at" datetime, "updated_at" datetime) [0m
  [1m[35m (14.1ms)[0m  CREATE TABLE "schema_migrations" ("version" varchar NOT NULL) 
  [1m[36m (0.2ms)[0m  [1mselect sqlite_version(*)[0m
  [1m[35m (18.5ms)[0m  CREATE UNIQUE INDEX "unique_schema_migrations" ON "schema_migrations" ("version")
  [1m[36m (0.1ms)[0m  [1mSELECT version FROM "schema_migrations"[0m
  [1m[35m (15.7ms)[0m  INSERT INTO "schema_migrations" (version) VALUES ('20111119180638')
  [1m[36mActiveRecord::SchemaMigration Load (0.1ms)[0m  [1mSELECT "schema_migrations".* FROM "schema_migrations"[0m
Migrating to AddDirectorToMovies (20200225203921)
  [1m[35m (0.0ms)[0m  begin transaction
  [1m[36m (0.2ms)[0m  [1mALTER TABLE "movies" ADD "director" varchar[0m
  [1m[35mSQL (0.1ms)[0m  INSERT INTO "schema_migrations" ("version") VALUES (?)  [["version", "20200225203921"]]
  [1m[36m (10.9ms)[0m  [1mcommit transaction[0m
  [1m[35mActiveRecord::SchemaMigration Load (0.0ms)[0m  SELECT "schema_migrations".* FROM "schema_migrations"


Started GET "/" for 127.0.0.1 at 2020-02-25 15:06:08 -0600


Started GET "/movies" for 127.0.0.1 at 2020-02-25 15:06:08 -0600
Processing by MoviesController#index as HTML
  [1m[36mMovie Load (0.3ms)[0m  [1mSELECT "movies".* FROM "movies" WHERE "movies"."rating" IN ('G', 'PG', 'PG-13', 'NC-17', 'R')[0m
  Rendered movies/index.html.haml within layouts/application (13.1ms)
Completed 200 OK in 342ms (Views: 298.8ms | ActiveRecord: 1.7ms)


Started GET "/assets/jquery.self-bd7ddd393353a8d2480a622e80342adf488fb6006d667e8b42e4c0073393abee.js?body=1" for 127.0.0.1 at 2020-02-25 15:06:09 -0600


Started GET "/assets/application.self-e80e8f2318043e8af94dddc2adad5a4f09739a8ebb323b3ab31cd71d45fd9113.css?body=1" for 127.0.0.1 at 2020-02-25 15:06:09 -0600


Started GET "/assets/application.self-ac4347b135ab8935f2dd20089f2acc8bec1d6b2ad528a80fcb03cd445dbd4d27.js?body=1" for 127.0.0.1 at 2020-02-25 15:06:09 -0600


Started GET "/assets/jquery_ujs.self-784a997f6726036b1993eb2217c9cb558e1cbb801c6da88105588c56f13b466a.js?body=1" for 127.0.0.1 at 2020-02-25 15:06:09 -0600


Started GET "/movies?utf8=%E2%9C%93&ratings%5BG%5D=1&ratings%5BPG%5D=1&ratings%5BPG-13%5D=1&ratings%5BNC-17%5D=1&ratings%5BR%5D=1&commit=Refresh" for 127.0.0.1 at 2020-02-25 15:06:13 -0600
Processing by MoviesController#index as HTML
  Parameters: {"utf8"=>"✓", "ratings"=>{"G"=>"1", "PG"=>"1", "PG-13"=>"1", "NC-17"=>"1", "R"=>"1"}, "commit"=>"Refresh"}
Redirected to http://localhost:3000/movies?ratings%5BG%5D=1&ratings%5BNC-17%5D=1&ratings%5BPG%5D=1&ratings%5BPG-13%5D=1&ratings%5BR%5D=1
Completed 302 Found in 6ms (ActiveRecord: 0.0ms)


Started GET "/movies?ratings%5BG%5D=1&ratings%5BNC-17%5D=1&ratings%5BPG%5D=1&ratings%5BPG-13%5D=1&ratings%5BR%5D=1" for 127.0.0.1 at 2020-02-25 15:06:13 -0600
Processing by MoviesController#index as HTML
  Parameters: {"ratings"=>{"G"=>"1", "NC-17"=>"1", "PG"=>"1", "PG-13"=>"1", "R"=>"1"}}
  [1m[35mMovie Load (0.2ms)[0m  SELECT "movies".* FROM "movies" WHERE "movies"."rating" IN ('G', 'NC-17', 'PG', 'PG-13', 'R')
  Rendered movies/index.html.haml within layouts/application (10.7ms)
Completed 200 OK in 45ms (Views: 42.0ms | ActiveRecord: 0.2ms)
  [1m[36mActiveRecord::SchemaMigration Load (0.1ms)[0m  [1mSELECT "schema_migrations".* FROM "schema_migrations"[0m
  [1m[35m (0.1ms)[0m  begin transaction
  [1m[36mSQL (0.8ms)[0m  [1mINSERT INTO "movies" ("title", "rating", "release_date", "director", "created_at", "updated_at") VALUES (?, ?, ?, ?, ?, ?)[0m  [["title", "Aladdin"], ["rating", "G"], ["release_date", "1992-11-25 00:00:00.000000"], ["director", "Guy Ritchie"], ["created_at", "2020-02-25 21:42:22.096471"], ["updated_at", "2020-02-25 21:42:22.096471"]]
  [1m[35m (14.3ms)[0m  commit transaction
  [1m[36m (0.1ms)[0m  [1mbegin transaction[0m
  [1m[35mSQL (0.8ms)[0m  INSERT INTO "movies" ("title", "rating", "release_date", "director", "created_at", "updated_at") VALUES (?, ?, ?, ?, ?, ?)  [["title", "The Terminator"], ["rating", "R"], ["release_date", "1984-10-26 00:00:00.000000"], ["director", "James Cameron"], ["created_at", "2020-02-25 21:42:22.116264"], ["updated_at", "2020-02-25 21:42:22.116264"]]
  [1m[36m (17.5ms)[0m  [1mcommit transaction[0m
  [1m[35m (0.1ms)[0m  begin transaction
  [1m[36mSQL (0.2ms)[0m  [1mINSERT INTO "movies" ("title", "rating", "release_date", "director", "created_at", "updated_at") VALUES (?, ?, ?, ?, ?, ?)[0m  [["title", "Avatar"], ["rating", "PG-13"], ["release_date", "2009-12-20 00:00:00.000000"], ["director", "James Cameron"], ["created_at", "2020-02-25 21:42:22.138672"], ["updated_at", "2020-02-25 21:42:22.138672"]]
  [1m[35m (10.7ms)[0m  commit transaction
  [1m[36m (0.2ms)[0m  [1mbegin transaction[0m
  [1m[35mSQL (0.2ms)[0m  INSERT INTO "movies" ("title", "rating", "release_date", "director", "created_at", "updated_at") VALUES (?, ?, ?, ?, ?, ?)  [["title", "When Harry Met Sally"], ["rating", "R"], ["release_date", "1989-07-21 00:00:00.000000"], ["director", "Rob Reiner"], ["created_at", "2020-02-25 21:42:22.152892"], ["updated_at", "2020-02-25 21:42:22.152892"]]
  [1m[36m (14.0ms)[0m  [1mcommit transaction[0m
  [1m[35m (0.2ms)[0m  begin transaction
  [1m[36mSQL (0.2ms)[0m  [1mINSERT INTO "movies" ("title", "rating", "release_date", "director", "created_at", "updated_at") VALUES (?, ?, ?, ?, ?, ?)[0m  [["title", "The Help"], ["rating", "PG-13"], ["release_date", "2011-08-10 00:00:00.000000"], ["director", "Tate Taylor"], ["created_at", "2020-02-25 21:42:22.170579"], ["updated_at", "2020-02-25 21:42:22.170579"]]
  [1m[35m (12.8ms)[0m  commit transaction
  [1m[36m (0.1ms)[0m  [1mbegin transaction[0m
  [1m[35mSQL (0.9ms)[0m  INSERT INTO "movies" ("title", "rating", "release_date", "director", "created_at", "updated_at") VALUES (?, ?, ?, ?, ?, ?)  [["title", "Chocolat"], ["rating", "PG-13"], ["release_date", "2001-01-05 00:00:00.000000"], ["director", "Lasse Hallström"], ["created_at", "2020-02-25 21:42:22.186587"], ["updated_at", "2020-02-25 21:42:22.186587"]]
  [1m[36m (93.4ms)[0m  [1mcommit transaction[0m
  [1m[35m (0.1ms)[0m  begin transaction
  [1m[36mSQL (0.3ms)[0m  [1mINSERT INTO "movies" ("title", "rating", "release_date", "director", "created_at", "updated_at") VALUES (?, ?, ?, ?, ?, ?)[0m  [["title", "Amelie"], ["rating", "R"], ["release_date", "2001-04-25 00:00:00.000000"], ["director", "Jean-Pierre Jeunet"], ["created_at", "2020-02-25 21:42:22.296141"], ["updated_at", "2020-02-25 21:42:22.296141"]]
  [1m[35m (17.7ms)[0m  commit transaction
  [1m[36m (0.1ms)[0m  [1mbegin transaction[0m
  [1m[35mSQL (0.2ms)[0m  INSERT INTO "movies" ("title", "rating", "release_date", "director", "created_at", "updated_at") VALUES (?, ?, ?, ?, ?, ?)  [["title", "2001: A Space Odyssey"], ["rating", "G"], ["release_date", "1968-04-06 00:00:00.000000"], ["director", "Stanley Kubrick"], ["created_at", "2020-02-25 21:42:22.319640"], ["updated_at", "2020-02-25 21:42:22.319640"]]
  [1m[36m (16.8ms)[0m  [1mcommit transaction[0m
  [1m[35m (0.1ms)[0m  begin transaction
  [1m[36mSQL (0.2ms)[0m  [1mINSERT INTO "movies" ("title", "rating", "release_date", "director", "created_at", "updated_at") VALUES (?, ?, ?, ?, ?, ?)[0m  [["title", "The Incredibles"], ["rating", "PG"], ["release_date", "2004-11-05 00:00:00.000000"], ["director", "The Incredibles"], ["created_at", "2020-02-25 21:42:22.338531"], ["updated_at", "2020-02-25 21:42:22.338531"]]
  [1m[35m (13.4ms)[0m  commit transaction
  [1m[36m (0.2ms)[0m  [1mbegin transaction[0m
  [1m[35mSQL (0.3ms)[0m  INSERT INTO "movies" ("title", "rating", "release_date", "director", "created_at", "updated_at") VALUES (?, ?, ?, ?, ?, ?)  [["title", "Raiders of the Lost Ark"], ["rating", "PG"], ["release_date", "1981-06-12 00:00:00.000000"], ["director", "Steven Spielberg"], ["created_at", "2020-02-25 21:42:22.355498"], ["updated_at", "2020-02-25 21:42:22.355498"]]
  [1m[36m (10.9ms)[0m  [1mcommit transaction[0m
  [1m[35m (0.3ms)[0m  begin transaction
  [1m[36mSQL (0.2ms)[0m  [1mINSERT INTO "movies" ("title", "rating", "release_date", "director", "created_at", "updated_at") VALUES (?, ?, ?, ?, ?, ?)[0m  [["title", "Catch Me If You Can"], ["rating", "PG-13"], ["release_date", "2002-12-15 00:00:00.000000"], ["director", "Steven Spielberg"], ["created_at", "2020-02-25 21:42:22.371298"], ["updated_at", "2020-02-25 21:42:22.371298"]]
  [1m[35m (21.1ms)[0m  commit transaction
  [1m[36m (0.1ms)[0m  [1mbegin transaction[0m
  [1m[35mSQL (0.1ms)[0m  INSERT INTO "movies" ("title", "rating", "release_date", "director", "created_at", "updated_at") VALUES (?, ?, ?, ?, ?, ?)  [["title", "Chicken Run"], ["rating", "G"], ["release_date", "2000-06-21 00:00:00.000000"], ["director", "Nick Park"], ["created_at", "2020-02-25 21:42:22.395988"], ["updated_at", "2020-02-25 21:42:22.395988"]]
  [1m[36m (15.5ms)[0m  [1mcommit transaction[0m
  [1m[36mActiveRecord::SchemaMigration Load (0.1ms)[0m  [1mSELECT "schema_migrations".* FROM "schema_migrations"[0m
  [1m[35mActiveRecord::SchemaMigration Load (0.1ms)[0m  SELECT "schema_migrations".* FROM "schema_migrations"
  [1m[36m (15.1ms)[0m  [1mCREATE TABLE "movies" ("id" INTEGER PRIMARY KEY AUTOINCREMENT NOT NULL, "title" varchar, "rating" varchar, "description" text, "release_date" datetime, "created_at" datetime, "updated_at" datetime, "director" varchar) [0m
  [1m[35m (18.8ms)[0m  CREATE TABLE "schema_migrations" ("version" varchar NOT NULL) 
  [1m[36m (0.1ms)[0m  [1mselect sqlite_version(*)[0m
  [1m[35m (14.8ms)[0m  CREATE UNIQUE INDEX "unique_schema_migrations" ON "schema_migrations" ("version")
  [1m[36m (0.3ms)[0m  [1mSELECT version FROM "schema_migrations"[0m
  [1m[35m (15.7ms)[0m  INSERT INTO "schema_migrations" (version) VALUES ('20200225203921')
  [1m[36m (11.4ms)[0m  [1mINSERT INTO "schema_migrations" (version) VALUES ('20111119180638')[0m
  [1m[36m (12.2ms)[0m  [1mCREATE TABLE "movies" ("id" INTEGER PRIMARY KEY AUTOINCREMENT NOT NULL, "title" varchar, "rating" varchar, "description" text, "release_date" datetime, "created_at" datetime, "updated_at" datetime, "director" varchar) [0m
  [1m[35m (18.1ms)[0m  CREATE TABLE "schema_migrations" ("version" varchar NOT NULL) 
  [1m[36m (0.1ms)[0m  [1mselect sqlite_version(*)[0m
  [1m[35m (17.5ms)[0m  CREATE UNIQUE INDEX "unique_schema_migrations" ON "schema_migrations" ("version")
  [1m[36m (0.3ms)[0m  [1mSELECT version FROM "schema_migrations"[0m
  [1m[35m (15.4ms)[0m  INSERT INTO "schema_migrations" (version) VALUES ('20200225203921')
  [1m[36m (16.9ms)[0m  [1mINSERT INTO "schema_migrations" (version) VALUES ('20111119180638')[0m
  [1m[36m (11.5ms)[0m  [1mCREATE TABLE "movies" ("id" INTEGER PRIMARY KEY AUTOINCREMENT NOT NULL, "title" varchar, "rating" varchar, "description" text, "release_date" datetime, "created_at" datetime, "updated_at" datetime, "director" varchar) [0m
  [1m[35m (14.2ms)[0m  CREATE TABLE "schema_migrations" ("version" varchar NOT NULL) 
  [1m[36m (0.2ms)[0m  [1mselect sqlite_version(*)[0m
  [1m[35m (18.8ms)[0m  CREATE UNIQUE INDEX "unique_schema_migrations" ON "schema_migrations" ("version")
  [1m[36m (0.3ms)[0m  [1mSELECT version FROM "schema_migrations"[0m
  [1m[35m (15.0ms)[0m  INSERT INTO "schema_migrations" (version) VALUES ('20200225203921')
  [1m[36m (16.7ms)[0m  [1mINSERT INTO "schema_migrations" (version) VALUES ('20111119180638')[0m
  [1m[36mActiveRecord::SchemaMigration Load (0.1ms)[0m  [1mSELECT "schema_migrations".* FROM "schema_migrations"[0m
  [1m[35m (0.0ms)[0m  begin transaction
  [1m[36mSQL (0.2ms)[0m  [1mINSERT INTO "movies" ("title", "rating", "release_date", "director", "created_at", "updated_at") VALUES (?, ?, ?, ?, ?, ?)[0m  [["title", "Aladdin"], ["rating", "G"], ["release_date", "1992-11-25 00:00:00.000000"], ["director", "Guy Ritchie"], ["created_at", "2020-03-10 09:25:17.714807"], ["updated_at", "2020-03-10 09:25:17.714807"]]
  [1m[35m (12.4ms)[0m  commit transaction
  [1m[36m (0.1ms)[0m  [1mbegin transaction[0m
  [1m[35mSQL (0.3ms)[0m  INSERT INTO "movies" ("title", "rating", "release_date", "director", "created_at", "updated_at") VALUES (?, ?, ?, ?, ?, ?)  [["title", "The Terminator"], ["rating", "R"], ["release_date", "1984-10-26 00:00:00.000000"], ["director", "James Cameron"], ["created_at", "2020-03-10 09:25:17.729392"], ["updated_at", "2020-03-10 09:25:17.729392"]]
  [1m[36m (16.3ms)[0m  [1mcommit transaction[0m
  [1m[35m (0.1ms)[0m  begin transaction
  [1m[36mSQL (0.2ms)[0m  [1mINSERT INTO "movies" ("title", "rating", "release_date", "director", "created_at", "updated_at") VALUES (?, ?, ?, ?, ?, ?)[0m  [["title", "Avatar"], ["rating", "PG-13"], ["release_date", "2009-12-20 00:00:00.000000"], ["director", "James Cameron"], ["created_at", "2020-03-10 09:25:17.748530"], ["updated_at", "2020-03-10 09:25:17.748530"]]
  [1m[35m (12.2ms)[0m  commit transaction
  [1m[36m (0.1ms)[0m  [1mbegin transaction[0m
  [1m[35mSQL (0.2ms)[0m  INSERT INTO "movies" ("title", "rating", "release_date", "director", "created_at", "updated_at") VALUES (?, ?, ?, ?, ?, ?)  [["title", "When Harry Met Sally"], ["rating", "R"], ["release_date", "1989-07-21 00:00:00.000000"], ["director", "Rob Reiner"], ["created_at", "2020-03-10 09:25:17.762808"], ["updated_at", "2020-03-10 09:25:17.762808"]]
  [1m[36m (12.7ms)[0m  [1mcommit transaction[0m
  [1m[35m (0.2ms)[0m  begin transaction
  [1m[36mSQL (0.5ms)[0m  [1mINSERT INTO "movies" ("title", "rating", "release_date", "director", "created_at", "updated_at") VALUES (?, ?, ?, ?, ?, ?)[0m  [["title", "The Help"], ["rating", "PG-13"], ["release_date", "2011-08-10 00:00:00.000000"], ["director", "Tate Taylor"], ["created_at", "2020-03-10 09:25:17.778757"], ["updated_at", "2020-03-10 09:25:17.778757"]]
  [1m[35m (13.8ms)[0m  commit transaction
  [1m[36m (0.1ms)[0m  [1mbegin transaction[0m
  [1m[35mSQL (0.3ms)[0m  INSERT INTO "movies" ("title", "rating", "release_date", "director", "created_at", "updated_at") VALUES (?, ?, ?, ?, ?, ?)  [["title", "Chocolat"], ["rating", "PG-13"], ["release_date", "2001-01-05 00:00:00.000000"], ["director", "Lasse Hallström"], ["created_at", "2020-03-10 09:25:17.797720"], ["updated_at", "2020-03-10 09:25:17.797720"]]
  [1m[36m (12.7ms)[0m  [1mcommit transaction[0m
  [1m[35m (0.2ms)[0m  begin transaction
  [1m[36mSQL (0.4ms)[0m  [1mINSERT INTO "movies" ("title", "rating", "release_date", "director", "created_at", "updated_at") VALUES (?, ?, ?, ?, ?, ?)[0m  [["title", "Amelie"], ["rating", "R"], ["release_date", "2001-04-25 00:00:00.000000"], ["director", "Jean-Pierre Jeunet"], ["created_at", "2020-03-10 09:25:17.814193"], ["updated_at", "2020-03-10 09:25:17.814193"]]
  [1m[35m (11.1ms)[0m  commit transaction
  [1m[36m (0.2ms)[0m  [1mbegin transaction[0m
  [1m[35mSQL (0.5ms)[0m  INSERT INTO "movies" ("title", "rating", "release_date", "director", "created_at", "updated_at") VALUES (?, ?, ?, ?, ?, ?)  [["title", "2001: A Space Odyssey"], ["rating", "G"], ["release_date", "1968-04-06 00:00:00.000000"], ["director", "Stanley Kubrick"], ["created_at", "2020-03-10 09:25:17.829710"], ["updated_at", "2020-03-10 09:25:17.829710"]]
  [1m[36m (10.6ms)[0m  [1mcommit transaction[0m
  [1m[35m (0.1ms)[0m  begin transaction
  [1m[36mSQL (0.2ms)[0m  [1mINSERT INTO "movies" ("title", "rating", "release_date", "director", "created_at", "updated_at") VALUES (?, ?, ?, ?, ?, ?)[0m  [["title", "The Incredibles"], ["rating", "PG"], ["release_date", "2004-11-05 00:00:00.000000"], ["director", "The Incredibles"], ["created_at", "2020-03-10 09:25:17.844118"], ["updated_at", "2020-03-10 09:25:17.844118"]]
  [1m[35m (12.4ms)[0m  commit transaction
  [1m[36m (0.1ms)[0m  [1mbegin transaction[0m
  [1m[35mSQL (0.2ms)[0m  INSERT INTO "movies" ("title", "rating", "release_date", "director", "created_at", "updated_at") VALUES (?, ?, ?, ?, ?, ?)  [["title", "Raiders of the Lost Ark"], ["rating", "PG"], ["release_date", "1981-06-12 00:00:00.000000"], ["director", "Steven Spielberg"], ["created_at", "2020-03-10 09:25:17.858625"], ["updated_at", "2020-03-10 09:25:17.858625"]]
  [1m[36m (16.6ms)[0m  [1mcommit transaction[0m
  [1m[35m (0.1ms)[0m  begin transaction
  [1m[36mSQL (0.5ms)[0m  [1mINSERT INTO "movies" ("title", "rating", "release_date", "director", "created_at", "updated_at") VALUES (?, ?, ?, ?, ?, ?)[0m  [["title", "Catch Me If You Can"], ["rating", "PG-13"], ["release_date", "2002-12-15 00:00:00.000000"], ["director", "Steven Spielberg"], ["created_at", "2020-03-10 09:25:17.878167"], ["updated_at", "2020-03-10 09:25:17.878167"]]
  [1m[35m (16.9ms)[0m  commit transaction
  [1m[36m (0.1ms)[0m  [1mbegin transaction[0m
  [1m[35mSQL (0.7ms)[0m  INSERT INTO "movies" ("title", "rating", "release_date", "director", "created_at", "updated_at") VALUES (?, ?, ?, ?, ?, ?)  [["title", "Chicken Run"], ["rating", "G"], ["release_date", "2000-06-21 00:00:00.000000"], ["director", "Nick Park"], ["created_at", "2020-03-10 09:25:17.899938"], ["updated_at", "2020-03-10 09:25:17.899938"]]
  [1m[36m (13.1ms)[0m  [1mcommit transaction[0m
  [1m[36mActiveRecord::SchemaMigration Load (0.1ms)[0m  [1mSELECT "schema_migrations".* FROM "schema_migrations"[0m
  [1m[35m (0.1ms)[0m  begin transaction
  [1m[36mSQL (0.2ms)[0m  [1mINSERT INTO "movies" ("title", "rating", "release_date", "director", "created_at", "updated_at") VALUES (?, ?, ?, ?, ?, ?)[0m  [["title", "Aladdin"], ["rating", "G"], ["release_date", "1992-11-25 00:00:00.000000"], ["director", "Guy Ritchie"], ["created_at", "2020-03-10 09:25:28.793224"], ["updated_at", "2020-03-10 09:25:28.793224"]]
  [1m[35m (10.4ms)[0m  commit transaction
  [1m[36m (0.2ms)[0m  [1mbegin transaction[0m
  [1m[35mSQL (0.3ms)[0m  INSERT INTO "movies" ("title", "rating", "release_date", "director", "created_at", "updated_at") VALUES (?, ?, ?, ?, ?, ?)  [["title", "The Terminator"], ["rating", "R"], ["release_date", "1984-10-26 00:00:00.000000"], ["director", "James Cameron"], ["created_at", "2020-03-10 09:25:28.807019"], ["updated_at", "2020-03-10 09:25:28.807019"]]
  [1m[36m (12.9ms)[0m  [1mcommit transaction[0m
  [1m[35m (0.1ms)[0m  begin transaction
  [1m[36mSQL (0.3ms)[0m  [1mINSERT INTO "movies" ("title", "rating", "release_date", "director", "created_at", "updated_at") VALUES (?, ?, ?, ?, ?, ?)[0m  [["title", "Avatar"], ["rating", "PG-13"], ["release_date", "2009-12-20 00:00:00.000000"], ["director", "James Cameron"], ["created_at", "2020-03-10 09:25:28.824237"], ["updated_at", "2020-03-10 09:25:28.824237"]]
  [1m[35m (16.5ms)[0m  commit transaction
  [1m[36m (0.1ms)[0m  [1mbegin transaction[0m
  [1m[35mSQL (0.2ms)[0m  INSERT INTO "movies" ("title", "rating", "release_date", "director", "created_at", "updated_at") VALUES (?, ?, ?, ?, ?, ?)  [["title", "When Harry Met Sally"], ["rating", "R"], ["release_date", "1989-07-21 00:00:00.000000"], ["director", "Rob Reiner"], ["created_at", "2020-03-10 09:25:28.843924"], ["updated_at", "2020-03-10 09:25:28.843924"]]
  [1m[36m (13.1ms)[0m  [1mcommit transaction[0m
  [1m[35m (0.2ms)[0m  begin transaction
  [1m[36mSQL (0.5ms)[0m  [1mINSERT INTO "movies" ("title", "rating", "release_date", "director", "created_at", "updated_at") VALUES (?, ?, ?, ?, ?, ?)[0m  [["title", "The Help"], ["rating", "PG-13"], ["release_date", "2011-08-10 00:00:00.000000"], ["director", "Tate Taylor"], ["created_at", "2020-03-10 09:25:28.860395"], ["updated_at", "2020-03-10 09:25:28.860395"]]
  [1m[35m (13.0ms)[0m  commit transaction
  [1m[36m (0.2ms)[0m  [1mbegin transaction[0m
  [1m[35mSQL (0.3ms)[0m  INSERT INTO "movies" ("title", "rating", "release_date", "director", "created_at", "updated_at") VALUES (?, ?, ?, ?, ?, ?)  [["title", "Chocolat"], ["rating", "PG-13"], ["release_date", "2001-01-05 00:00:00.000000"], ["director", "Lasse Hallström"], ["created_at", "2020-03-10 09:25:28.878616"], ["updated_at", "2020-03-10 09:25:28.878616"]]
  [1m[36m (14.5ms)[0m  [1mcommit transaction[0m
  [1m[35m (0.1ms)[0m  begin transaction
  [1m[36mSQL (0.3ms)[0m  [1mINSERT INTO "movies" ("title", "rating", "release_date", "director", "created_at", "updated_at") VALUES (?, ?, ?, ?, ?, ?)[0m  [["title", "Amelie"], ["rating", "R"], ["release_date", "2001-04-25 00:00:00.000000"], ["director", "Jean-Pierre Jeunet"], ["created_at", "2020-03-10 09:25:28.896707"], ["updated_at", "2020-03-10 09:25:28.896707"]]
  [1m[35m (12.3ms)[0m  commit transaction
  [1m[36m (0.2ms)[0m  [1mbegin transaction[0m
  [1m[35mSQL (0.2ms)[0m  INSERT INTO "movies" ("title", "rating", "release_date", "director", "created_at", "updated_at") VALUES (?, ?, ?, ?, ?, ?)  [["title", "2001: A Space Odyssey"], ["rating", "G"], ["release_date", "1968-04-06 00:00:00.000000"], ["director", "Stanley Kubrick"], ["created_at", "2020-03-10 09:25:28.911916"], ["updated_at", "2020-03-10 09:25:28.911916"]]
  [1m[36m (10.8ms)[0m  [1mcommit transaction[0m
  [1m[35m (0.1ms)[0m  begin transaction
  [1m[36mSQL (0.5ms)[0m  [1mINSERT INTO "movies" ("title", "rating", "release_date", "director", "created_at", "updated_at") VALUES (?, ?, ?, ?, ?, ?)[0m  [["title", "The Incredibles"], ["rating", "PG"], ["release_date", "2004-11-05 00:00:00.000000"], ["director", "The Incredibles"], ["created_at", "2020-03-10 09:25:28.925967"], ["updated_at", "2020-03-10 09:25:28.925967"]]
  [1m[35m (10.7ms)[0m  commit transaction
  [1m[36m (0.1ms)[0m  [1mbegin transaction[0m
  [1m[35mSQL (0.4ms)[0m  INSERT INTO "movies" ("title", "rating", "release_date", "director", "created_at", "updated_at") VALUES (?, ?, ?, ?, ?, ?)  [["title", "Raiders of the Lost Ark"], ["rating", "PG"], ["release_date", "1981-06-12 00:00:00.000000"], ["director", "Steven Spielberg"], ["created_at", "2020-03-10 09:25:28.940863"], ["updated_at", "2020-03-10 09:25:28.940863"]]
  [1m[36m (13.9ms)[0m  [1mcommit transaction[0m
  [1m[35m (0.1ms)[0m  begin transaction
  [1m[36mSQL (0.2ms)[0m  [1mINSERT INTO "movies" ("title", "rating", "release_date", "director", "created_at", "updated_at") VALUES (?, ?, ?, ?, ?, ?)[0m  [["title", "Catch Me If You Can"], ["rating", "PG-13"], ["release_date", "2002-12-15 00:00:00.000000"], ["director", "Steven Spielberg"], ["created_at", "2020-03-10 09:25:28.957857"], ["updated_at", "2020-03-10 09:25:28.957857"]]
  [1m[35m (14.1ms)[0m  commit transaction
  [1m[36m (0.1ms)[0m  [1mbegin transaction[0m
  [1m[35mSQL (0.3ms)[0m  INSERT INTO "movies" ("title", "rating", "release_date", "director", "created_at", "updated_at") VALUES (?, ?, ?, ?, ?, ?)  [["title", "Chicken Run"], ["rating", "G"], ["release_date", "2000-06-21 00:00:00.000000"], ["director", "Nick Park"], ["created_at", "2020-03-10 09:25:28.974340"], ["updated_at", "2020-03-10 09:25:28.974340"]]
  [1m[36m (13.1ms)[0m  [1mcommit transaction[0m


Started GET "/" for 127.0.0.1 at 2020-03-10 17:10:49 -0500


Started GET "/movies" for 127.0.0.1 at 2020-03-10 17:10:50 -0500
Processing by MoviesController#index as HTML
  [1m[36mMovie Load (6.0ms)[0m  [1mSELECT "movies".* FROM "movies" WHERE "movies"."rating" IN ('G', 'PG', 'PG-13', 'NC-17', 'R')[0m
  Rendered movies/index.html.haml within layouts/application (96.4ms)
Completed 200 OK in 746ms (Views: 574.9ms | ActiveRecord: 9.0ms)


Started GET "/assets/application.self-e80e8f2318043e8af94dddc2adad5a4f09739a8ebb323b3ab31cd71d45fd9113.css?body=1" for 127.0.0.1 at 2020-03-10 17:10:51 -0500


Started GET "/assets/jquery.self-bd7ddd393353a8d2480a622e80342adf488fb6006d667e8b42e4c0073393abee.js?body=1" for 127.0.0.1 at 2020-03-10 17:10:51 -0500


Started GET "/assets/jquery_ujs.self-784a997f6726036b1993eb2217c9cb558e1cbb801c6da88105588c56f13b466a.js?body=1" for 127.0.0.1 at 2020-03-10 17:10:51 -0500


Started GET "/assets/application.self-ac4347b135ab8935f2dd20089f2acc8bec1d6b2ad528a80fcb03cd445dbd4d27.js?body=1" for 127.0.0.1 at 2020-03-10 17:10:51 -0500


Started GET "/movies/1" for 127.0.0.1 at 2020-03-10 17:10:59 -0500
Processing by MoviesController#show as HTML
  Parameters: {"id"=>"1"}
  [1m[35mMovie Load (0.1ms)[0m  SELECT  "movies".* FROM "movies" WHERE "movies"."id" = ? LIMIT 1  [["id", 1]]
  Rendered movies/show.html.haml within layouts/application (8.5ms)
Completed 200 OK in 35ms (Views: 32.6ms | ActiveRecord: 0.1ms)


Started GET "/movies/director/1" for 127.0.0.1 at 2020-03-10 17:11:04 -0500
Processing by MoviesController#director as HTML
  Parameters: {"id"=>"1"}
  [1m[36mMovie Load (0.1ms)[0m  [1mSELECT  "movies".* FROM "movies" WHERE "movies"."id" = ? LIMIT 1[0m  [["id", 1]]
  [1m[35mMovie Load (0.2ms)[0m  SELECT "movies".* FROM "movies" WHERE "movies"."director" = ?  [["director", "Guy Ritchie"]]
  Rendered movies/director.html.haml within layouts/application (13.7ms)
Completed 200 OK in 49ms (Views: 47.8ms | ActiveRecord: 0.3ms)


Started GET "/movies" for 127.0.0.1 at 2020-03-10 17:12:11 -0500
Processing by MoviesController#index as HTML
  [1m[36mMovie Load (0.7ms)[0m  [1mSELECT "movies".* FROM "movies" WHERE "movies"."rating" IN ('G', 'PG', 'PG-13', 'NC-17', 'R')[0m
  Rendered movies/index.html.haml within layouts/application (43.8ms)
Completed 200 OK in 63ms (Views: 61.6ms | ActiveRecord: 0.7ms)


Started GET "/movies/2" for 127.0.0.1 at 2020-03-10 17:12:17 -0500
Processing by MoviesController#show as HTML
  Parameters: {"id"=>"2"}
  [1m[35mMovie Load (0.1ms)[0m  SELECT  "movies".* FROM "movies" WHERE "movies"."id" = ? LIMIT 1  [["id", 2]]
  Rendered movies/show.html.haml within layouts/application (0.8ms)
Completed 200 OK in 23ms (Views: 22.1ms | ActiveRecord: 0.1ms)


Started GET "/movies/director/2" for 127.0.0.1 at 2020-03-10 17:12:19 -0500
Processing by MoviesController#director as HTML
  Parameters: {"id"=>"2"}
  [1m[36mMovie Load (0.1ms)[0m  [1mSELECT  "movies".* FROM "movies" WHERE "movies"."id" = ? LIMIT 1[0m  [["id", 2]]
  [1m[35mMovie Load (0.1ms)[0m  SELECT "movies".* FROM "movies" WHERE "movies"."director" = ?  [["director", "James Cameron"]]
  Rendered movies/director.html.haml within layouts/application (10.2ms)
Completed 200 OK in 42ms (Views: 40.0ms | ActiveRecord: 0.2ms)
